TN:
SF:/home/daniel/rust/shrtnr/src/api/health_check.rs
FN:3,register
FN:4,health_check
FNF:2
FNDA:2,register
FNDA:4,health_check
DA:3,2
DA:4,4
DA:5,1
LF:3
LH:3
end_of_record
TN:
SF:/home/daniel/rust/shrtnr/src/api/links/create_link.rs
FN:13,register
FNF:1
FNDA:2,register
DA:13,2
DA:14,6
DA:15,2
DA:16,1
DA:19,2
DA:21,4
DA:22,2
DA:25,1
DA:27,7
DA:28,1
DA:29,2
DA:30,2
DA:31,5
DA:34,1
DA:35,2
DA:36,1
LF:16
LH:16
end_of_record
TN:
SF:/home/daniel/rust/shrtnr/src/api/links/get_link.rs
FN:18,register
FN:19,{async_fn#0}
FNF:2
FNDA:2,register
FNDA:5,{async_fn#0}
DA:18,2
DA:19,5
DA:20,6
DA:21,2
DA:22,5
DA:25,1
DA:26,1
DA:27,1
LF:8
LH:8
end_of_record
TN:
SF:/home/daniel/rust/shrtnr/src/api/redirect_to_link.rs
FN:15,register
FN:16,redirect_link
FNF:2
FNDA:0,register
FNDA:0,redirect_link
DA:15,0
DA:16,0
DA:17,0
DA:18,0
DA:19,0
DA:22,0
DA:23,0
DA:24,0
DA:26,0
LF:9
LH:0
end_of_record
TN:
SF:/home/daniel/rust/shrtnr/src/generate_random_short_id.rs
FN:4,get_random_short_id
FNF:1
FNDA:1,get_random_short_id
DA:4,1
DA:5,1
LF:2
LH:2
end_of_record
TN:
SF:/home/daniel/rust/shrtnr/src/main.rs
FN:6,main
FN:14,{closure#0}
FNF:2
FNDA:0,main
FNDA:0,{closure#0}
DA:5,0
DA:6,0
DA:7,0
DA:12,0
DA:14,0
DA:15,0
DA:17,0
DA:22,0
DA:23,0
DA:25,0
LF:10
LH:0
end_of_record
